<?xml version="1.0" encoding="UTF-8"?>
<!-- Generated by org.testng.reporters.JUnitXMLReporter -->
<testsuite ignored="2" hostname="DESKTOP-1TEHGD1" failures="0" tests="1" name="TestSmoke" time="6.122" errors="0" timestamp="2024-11-04T16:41:05 IST">
  <testcase classname="org.test.components.LoginTest" name="loginTC01" time="4.409"/>
  <testcase classname="org.test.components.LoginTest" name="signUpTc01" time="0.0">
    <ignored/>
  </testcase> <!-- signUpTc01 -->
  <testcase classname="org.test.components.LoginTest" name="loginTC02" time="0.0">
    <ignored/>
  </testcase> <!-- loginTC02 -->
</testsuite> <!-- TestSmoke -->
