<?xml version="1.0" encoding="UTF-8"?>
<testng-results ignored="0" total="1" passed="1" failed="0" skipped="0">
  <reporter-output>
  </reporter-output>
  <suite started-at="2024-11-04T16:40:59 IST" name="Suite" finished-at="2024-11-04T16:41:05 IST" duration-ms="6122">
    <groups>
      <group name="Regression">
        <method signature="LoginTest.loginTC01()[pri:0, instance:org.test.components.LoginTest@73e9cf30]" name="loginTC01" class="org.test.components.LoginTest"/>
      </group> <!-- Regression -->
      <group name="Smoke">
        <method signature="LoginTest.loginTC01()[pri:0, instance:org.test.components.LoginTest@73e9cf30]" name="loginTC01" class="org.test.components.LoginTest"/>
      </group> <!-- Smoke -->
      <group name="Login">
        <method signature="LoginTest.loginTC01()[pri:0, instance:org.test.components.LoginTest@73e9cf30]" name="loginTC01" class="org.test.components.LoginTest"/>
      </group> <!-- Login -->
    </groups>
    <test started-at="2024-11-04T16:40:59 IST" name="TestSmoke" finished-at="2024-11-04T16:41:05 IST" duration-ms="6122">
      <class name="org.test.components.LoginTest">
        <test-method is-config="true" signature="beforeSuite()[pri:0, instance:org.test.components.LoginTest@73e9cf30]" started-at="2024-11-04T16:40:52 IST" name="beforeSuite" finished-at="2024-11-04T16:40:59 IST" duration-ms="6765" status="PASS">
          <reporter-output>
          </reporter-output>
        </test-method> <!-- beforeSuite -->
        <test-method is-config="true" signature="beforeTest()[pri:0, instance:org.test.components.LoginTest@73e9cf30]" started-at="2024-11-04T16:40:59 IST" name="beforeTest" finished-at="2024-11-04T16:41:00 IST" duration-ms="1307" status="PASS">
          <reporter-output>
          </reporter-output>
        </test-method> <!-- beforeTest -->
        <test-method signature="loginTC01()[pri:0, instance:org.test.components.LoginTest@73e9cf30]" started-at="2024-11-04T16:41:00 IST" name="loginTC01" finished-at="2024-11-04T16:41:05 IST" duration-ms="4409" status="PASS">
          <reporter-output>
          </reporter-output>
        </test-method> <!-- loginTC01 -->
        <test-method is-config="true" signature="afterMethod()[pri:0, instance:org.test.components.LoginTest@73e9cf30]" started-at="2024-11-04T16:41:05 IST" name="afterMethod" finished-at="2024-11-04T16:41:05 IST" duration-ms="350" status="PASS">
          <reporter-output>
          </reporter-output>
        </test-method> <!-- afterMethod -->
        <test-method is-config="true" signature="afterSuite()[pri:0, instance:org.test.components.LoginTest@73e9cf30]" started-at="2024-11-04T16:41:05 IST" name="afterSuite" finished-at="2024-11-04T16:41:05 IST" duration-ms="228" status="PASS">
          <reporter-output>
          </reporter-output>
        </test-method> <!-- afterSuite -->
      </class> <!-- org.test.components.LoginTest -->
    </test> <!-- TestSmoke -->
  </suite> <!-- Suite -->
</testng-results>
